<?xml version="1.0" encoding="UTF-8"?>
<testsuite name="model.SimpleTest" tests="1" skipped="0" failures="0" errors="0" timestamp="2023-01-25T15:32:57" hostname="DESKTOP-16F2QEC" time="0.001">
  <properties/>
  <testcase name="testMessageLengthGreaterThanZero()" classname="model.SimpleTest" time="0.001"/>
  <system-out><![CDATA[]]></system-out>
  <system-err><![CDATA[]]></system-err>
</testsuite>
