<?xml version="1.0" encoding="utf-8"?>
<testsuite package="org.spotbugs" time="0" tests="25" errors="0" name="findbugs">
<testcase time="0" name="view/MenuSweView.java" classname="FindBugs Issues">
</testcase><testcase time="0" name="view/ItemSweView.java" classname="FindBugs Issues">
</testcase><testcase time="0" name="view/MemberEngView.java" classname="FindBugs Issues">
</testcase><testcase time="0" name="model/ItemObject.java" classname="FindBugs Issues">
</testcase><testcase time="0" name="view/MemberSweView.java" classname="FindBugs Issues">
</testcase><testcase time="0" name="view/ContractEngView.java" classname="FindBugs Issues">
</testcase><testcase time="0" name="view/MemberInterfaceView.java" classname="FindBugs Issues">
</testcase><testcase time="0" name="controller/Menu.java" classname="FindBugs Issues">
</testcase><testcase time="0" name="model/Vehicel.java" classname="FindBugs Issues">
</testcase><testcase time="0" name="view/ContractInterfaceView.java" classname="FindBugs Issues">
</testcase><testcase time="0" name="view/MenuInterfaceView.java" classname="FindBugs Issues">
</testcase><testcase time="0" name="controller/App.java" classname="FindBugs Issues">
</testcase><testcase time="0" name="view/ItemEngView.java" classname="FindBugs Issues">
</testcase><testcase time="0" name="model/Game.java" classname="FindBugs Issues">
</testcase><testcase time="0" name="model/Contract.java" classname="FindBugs Issues">
</testcase><testcase time="0" name="view/ItemInterfaceView.java" classname="FindBugs Issues">
</testcase><testcase time="0" name="model/Toy.java" classname="FindBugs Issues">
</testcase><testcase time="0" name="model/Member.java" classname="FindBugs Issues">
</testcase><testcase time="0" name="model/Tool.java" classname="FindBugs Issues">
</testcase><testcase time="0" name="model/Loader.java" classname="FindBugs Issues">
</testcase><testcase time="0" name="view/MenuEngView.java" classname="FindBugs Issues">
</testcase><testcase time="0" name="model/Sport.java" classname="FindBugs Issues">
</testcase><testcase time="0" name="view/ContractSweView.java" classname="FindBugs Issues">
</testcase><testcase time="0" name="model/Other.java" classname="FindBugs Issues">
</testcase><testcase time="0" name="model/Manager.java" classname="FindBugs Issues">
</testcase></testsuite>